<?xml version="1.0" encoding="UTF-8"?>
<!-- Generated by org.testng.reporters.JUnitReportReporter -->
<testsuite hostname="G10GGNLT052" name="com.arc.utility.group.TestAlert" tests="1" failures="0" timestamp="24 Jan 2020 03:43:00 GMT" time="21.667" errors="0">
  <testcase name="testNg" time="21.667" classname="com.arc.utility.group.TestAlert"/>
</testsuite> <!-- com.arc.utility.group.TestAlert -->
