<?xml version="1.0" encoding="UTF-8"?>
<!-- Generated by org.testng.reporters.JUnitReportReporter -->
<testsuite hostname="G10GGNLT052" name="com.arc.Building.LoginIntoArcTest" tests="1" failures="0" timestamp="6 Feb 2020 06:55:50 GMT" time="33.227" errors="0">
  <testcase name="LoginIntoArc" time="33.227" classname="com.arc.Building.LoginIntoArcTest"/>
</testsuite> <!-- com.arc.Building.LoginIntoArcTest -->
