<?xml version="1.0" encoding="UTF-8"?>
<!-- Generated by org.testng.reporters.JUnitReportReporter -->
<testsuite skipped="0" hostname="G10GGNLT052" name="com.arc.Building.LoginIntoArcTest" tests="1" failures="0" timestamp="06 Feb 2020 14:30:19 GMT" time="53.923" errors="0">
  <testcase name="LoginIntoArc" time="53.923" classname="com.arc.Building.LoginIntoArcTest"/>
</testsuite> <!-- com.arc.Building.LoginIntoArcTest -->
