<?xml version="1.0" encoding="UTF-8"?>
<!-- Generated by org.testng.reporters.JUnitReportReporter -->
<testsuite skipped="0" hostname="G10GGNLT052" name="com.arc.Building.LoginIntoArcTest" tests="1" failures="0" timestamp="06 Feb 2020 15:52:10 GMT" time="48.019" errors="0">
  <testcase name="LoginIntoArc" time="48.019" classname="com.arc.Building.LoginIntoArcTest"/>
</testsuite> <!-- com.arc.Building.LoginIntoArcTest -->
