<?xml version="1.0" encoding="UTF-8"?>
<!-- Generated by org.testng.reporters.JUnitReportReporter -->
<testsuite skipped="0" hostname="G10GGNLT052" name="com.arc.Building.LoginIntoArcTest" tests="1" failures="0" timestamp="29 Jan 2020 11:25:09 GMT" time="52.893" errors="0">
  <testcase name="LoginIntoArc" time="52.893" classname="com.arc.Building.LoginIntoArcTest"/>
</testsuite> <!-- com.arc.Building.LoginIntoArcTest -->
